{"/home/carlos/Documentos/PUC/ProjetoFinalProgramacao/src/App.js": {"path":"/home/carlos/Documentos/PUC/ProjetoFinalProgramacao/src/App.js","statementMap":{"0":{"start":{"line":5,"column":2},"end":{"line":9,"column":4}}},"fnMap":{"0":{"name":"App","decl":{"start":{"line":4,"column":9},"end":{"line":4,"column":12}},"loc":{"start":{"line":4,"column":15},"end":{"line":10,"column":1}},"line":4}},"branchMap":{},"s":{"0":0},"f":{"0":0},"b":{}}
,"/home/carlos/Documentos/PUC/ProjetoFinalProgramacao/src/Preload.js": {"path":"/home/carlos/Documentos/PUC/ProjetoFinalProgramacao/src/Preload.js","statementMap":{"0":{"start":{"line":1,"column":39},"end":{"line":1,"column":58}},"1":{"start":{"line":3,"column":0},"end":{"line":12,"column":3}},"2":{"start":{"line":4,"column":36},"end":{"line":4,"column":80}},"3":{"start":{"line":5,"column":25},"end":{"line":5,"column":60}},"4":{"start":{"line":6,"column":32},"end":{"line":6,"column":76}},"5":{"start":{"line":7,"column":45},"end":{"line":7,"column":102}},"6":{"start":{"line":8,"column":47},"end":{"line":8,"column":106}},"7":{"start":{"line":9,"column":38},"end":{"line":9,"column":88}},"8":{"start":{"line":10,"column":31},"end":{"line":10,"column":74}},"9":{"start":{"line":11,"column":48},"end":{"line":11,"column":108}}},"fnMap":{"0":{"name":"(anonymous_0)","decl":{"start":{"line":4,"column":16},"end":{"line":4,"column":17}},"loc":{"start":{"line":4,"column":36},"end":{"line":4,"column":80}},"line":4},"1":{"name":"(anonymous_1)","decl":{"start":{"line":5,"column":19},"end":{"line":5,"column":20}},"loc":{"start":{"line":5,"column":25},"end":{"line":5,"column":60}},"line":5},"2":{"name":"(anonymous_2)","decl":{"start":{"line":6,"column":18},"end":{"line":6,"column":19}},"loc":{"start":{"line":6,"column":32},"end":{"line":6,"column":76}},"line":6},"3":{"name":"(anonymous_3)","decl":{"start":{"line":7,"column":18},"end":{"line":7,"column":19}},"loc":{"start":{"line":7,"column":45},"end":{"line":7,"column":102}},"line":7},"4":{"name":"(anonymous_4)","decl":{"start":{"line":8,"column":20},"end":{"line":8,"column":21}},"loc":{"start":{"line":8,"column":47},"end":{"line":8,"column":106}},"line":8},"5":{"name":"(anonymous_5)","decl":{"start":{"line":9,"column":20},"end":{"line":9,"column":21}},"loc":{"start":{"line":9,"column":38},"end":{"line":9,"column":88}},"line":9},"6":{"name":"(anonymous_6)","decl":{"start":{"line":10,"column":17},"end":{"line":10,"column":18}},"loc":{"start":{"line":10,"column":31},"end":{"line":10,"column":74}},"line":10},"7":{"name":"(anonymous_7)","decl":{"start":{"line":11,"column":17},"end":{"line":11,"column":18}},"loc":{"start":{"line":11,"column":48},"end":{"line":11,"column":108}},"line":11}},"branchMap":{},"s":{"0":0,"1":0,"2":0,"3":0,"4":0,"5":0,"6":0,"7":0,"8":0,"9":0},"f":{"0":0,"1":0,"2":0,"3":0,"4":0,"5":0,"6":0,"7":0},"b":{}}
,"/home/carlos/Documentos/PUC/ProjetoFinalProgramacao/src/electron-starter.js": {"path":"/home/carlos/Documentos/PUC/ProjetoFinalProgramacao/src/electron-starter.js","statementMap":{"0":{"start":{"line":1,"column":17},"end":{"line":1,"column":36}},"1":{"start":{"line":2,"column":28},"end":{"line":2,"column":47}},"2":{"start":{"line":3,"column":11},"end":{"line":3,"column":24}},"3":{"start":{"line":6,"column":12},"end":{"line":6,"column":24}},"4":{"start":{"line":8,"column":22},"end":{"line":8,"column":44}},"5":{"start":{"line":10,"column":13},"end":{"line":10,"column":28}},"6":{"start":{"line":11,"column":12},"end":{"line":11,"column":26}},"7":{"start":{"line":13,"column":22},"end":{"line":13,"column":35}},"8":{"start":{"line":14,"column":20},"end":{"line":14,"column":39}},"9":{"start":{"line":22,"column":4},"end":{"line":31,"column":8}},"10":{"start":{"line":34,"column":21},"end":{"line":38,"column":10}},"11":{"start":{"line":39,"column":4},"end":{"line":39,"column":33}},"12":{"start":{"line":41,"column":4},"end":{"line":41,"column":42}},"13":{"start":{"line":44,"column":4},"end":{"line":49,"column":6}},"14":{"start":{"line":48,"column":8},"end":{"line":48,"column":25}},"15":{"start":{"line":55,"column":0},"end":{"line":55,"column":30}},"16":{"start":{"line":58,"column":0},"end":{"line":64,"column":3}},"17":{"start":{"line":61,"column":4},"end":{"line":63,"column":5}},"18":{"start":{"line":62,"column":8},"end":{"line":62,"column":18}},"19":{"start":{"line":66,"column":0},"end":{"line":72,"column":3}},"20":{"start":{"line":69,"column":4},"end":{"line":71,"column":5}},"21":{"start":{"line":70,"column":8},"end":{"line":70,"column":22}},"22":{"start":{"line":78,"column":0},"end":{"line":149,"column":3}},"23":{"start":{"line":79,"column":4},"end":{"line":82,"column":7}},"24":{"start":{"line":80,"column":21},"end":{"line":80,"column":49}},"25":{"start":{"line":81,"column":6},"end":{"line":81,"column":22}},"26":{"start":{"line":84,"column":4},"end":{"line":86,"column":7}},"27":{"start":{"line":85,"column":8},"end":{"line":85,"column":44}},"28":{"start":{"line":88,"column":4},"end":{"line":97,"column":7}},"29":{"start":{"line":89,"column":23},"end":{"line":89,"column":76}},"30":{"start":{"line":90,"column":8},"end":{"line":95,"column":9}},"31":{"start":{"line":91,"column":12},"end":{"line":91,"column":57}},"32":{"start":{"line":93,"column":12},"end":{"line":93,"column":55}},"33":{"start":{"line":94,"column":12},"end":{"line":94,"column":31}},"34":{"start":{"line":96,"column":8},"end":{"line":96,"column":23}},"35":{"start":{"line":99,"column":4},"end":{"line":104,"column":7}},"36":{"start":{"line":100,"column":8},"end":{"line":101,"column":58}},"37":{"start":{"line":101,"column":12},"end":{"line":101,"column":58}},"38":{"start":{"line":102,"column":26},"end":{"line":102,"column":59}},"39":{"start":{"line":103,"column":8},"end":{"line":103,"column":27}},"40":{"start":{"line":106,"column":4},"end":{"line":115,"column":7}},"41":{"start":{"line":107,"column":23},"end":{"line":107,"column":56}},"42":{"start":{"line":108,"column":8},"end":{"line":113,"column":9}},"43":{"start":{"line":109,"column":12},"end":{"line":109,"column":77}},"44":{"start":{"line":111,"column":12},"end":{"line":111,"column":56}},"45":{"start":{"line":112,"column":12},"end":{"line":112,"column":31}},"46":{"start":{"line":114,"column":8},"end":{"line":114,"column":23}},"47":{"start":{"line":117,"column":4},"end":{"line":126,"column":7}},"48":{"start":{"line":118,"column":23},"end":{"line":118,"column":56}},"49":{"start":{"line":119,"column":8},"end":{"line":124,"column":9}},"50":{"start":{"line":120,"column":12},"end":{"line":120,"column":51}},"51":{"start":{"line":122,"column":12},"end":{"line":122,"column":56}},"52":{"start":{"line":123,"column":12},"end":{"line":123,"column":31}},"53":{"start":{"line":125,"column":8},"end":{"line":125,"column":23}},"54":{"start":{"line":128,"column":4},"end":{"line":136,"column":7}},"55":{"start":{"line":129,"column":33},"end":{"line":129,"column":70}},"56":{"start":{"line":130,"column":8},"end":{"line":135,"column":9}},"57":{"start":{"line":131,"column":33},"end":{"line":131,"column":100}},"58":{"start":{"line":132,"column":12},"end":{"line":132,"column":45}},"59":{"start":{"line":134,"column":12},"end":{"line":134,"column":21}},"60":{"start":{"line":138,"column":4},"end":{"line":148,"column":6}},"61":{"start":{"line":139,"column":23},"end":{"line":139,"column":56}},"62":{"start":{"line":140,"column":33},"end":{"line":140,"column":70}},"63":{"start":{"line":141,"column":8},"end":{"line":146,"column":9}},"64":{"start":{"line":142,"column":12},"end":{"line":142,"column":101}},"65":{"start":{"line":144,"column":12},"end":{"line":144,"column":56}},"66":{"start":{"line":145,"column":12},"end":{"line":145,"column":31}},"67":{"start":{"line":147,"column":8},"end":{"line":147,"column":23}}},"fnMap":{"0":{"name":"createWindow","decl":{"start":{"line":20,"column":9},"end":{"line":20,"column":21}},"loc":{"start":{"line":20,"column":24},"end":{"line":50,"column":1}},"line":20},"1":{"name":"(anonymous_1)","decl":{"start":{"line":44,"column":28},"end":{"line":44,"column":29}},"loc":{"start":{"line":44,"column":40},"end":{"line":49,"column":5}},"line":44},"2":{"name":"(anonymous_2)","decl":{"start":{"line":58,"column":28},"end":{"line":58,"column":29}},"loc":{"start":{"line":58,"column":40},"end":{"line":64,"column":1}},"line":58},"3":{"name":"(anonymous_3)","decl":{"start":{"line":66,"column":19},"end":{"line":66,"column":20}},"loc":{"start":{"line":66,"column":31},"end":{"line":72,"column":1}},"line":66},"4":{"name":"(anonymous_4)","decl":{"start":{"line":78,"column":21},"end":{"line":78,"column":22}},"loc":{"start":{"line":78,"column":27},"end":{"line":149,"column":1}},"line":78},"5":{"name":"(anonymous_5)","decl":{"start":{"line":79,"column":29},"end":{"line":79,"column":30}},"loc":{"start":{"line":79,"column":62},"end":{"line":82,"column":5}},"line":79},"6":{"name":"(anonymous_6)","decl":{"start":{"line":84,"column":36},"end":{"line":84,"column":37}},"loc":{"start":{"line":84,"column":53},"end":{"line":86,"column":5}},"line":84},"7":{"name":"(anonymous_7)","decl":{"start":{"line":88,"column":37},"end":{"line":88,"column":38}},"loc":{"start":{"line":88,"column":64},"end":{"line":97,"column":5}},"line":88},"8":{"name":"(anonymous_8)","decl":{"start":{"line":99,"column":35},"end":{"line":99,"column":36}},"loc":{"start":{"line":99,"column":62},"end":{"line":104,"column":5}},"line":99},"9":{"name":"(anonymous_9)","decl":{"start":{"line":106,"column":35},"end":{"line":106,"column":36}},"loc":{"start":{"line":106,"column":75},"end":{"line":115,"column":5}},"line":106},"10":{"name":"(anonymous_10)","decl":{"start":{"line":117,"column":37},"end":{"line":117,"column":38}},"loc":{"start":{"line":117,"column":77},"end":{"line":126,"column":5}},"line":117},"11":{"name":"(anonymous_11)","decl":{"start":{"line":128,"column":34},"end":{"line":128,"column":35}},"loc":{"start":{"line":128,"column":65},"end":{"line":136,"column":5}},"line":128},"12":{"name":"(anonymous_12)","decl":{"start":{"line":138,"column":34},"end":{"line":138,"column":35}},"loc":{"start":{"line":138,"column":78},"end":{"line":148,"column":5}},"line":138}},"branchMap":{"0":{"loc":{"start":{"line":34,"column":21},"end":{"line":38,"column":10}},"type":"binary-expr","locations":[{"start":{"line":34,"column":21},"end":{"line":34,"column":51}},{"start":{"line":34,"column":55},"end":{"line":38,"column":10}}],"line":34},"1":{"loc":{"start":{"line":61,"column":4},"end":{"line":63,"column":5}},"type":"if","locations":[{"start":{"line":61,"column":4},"end":{"line":63,"column":5}},{"start":{},"end":{}}],"line":61},"2":{"loc":{"start":{"line":69,"column":4},"end":{"line":71,"column":5}},"type":"if","locations":[{"start":{"line":69,"column":4},"end":{"line":71,"column":5}},{"start":{},"end":{}}],"line":69},"3":{"loc":{"start":{"line":100,"column":8},"end":{"line":101,"column":58}},"type":"if","locations":[{"start":{"line":100,"column":8},"end":{"line":101,"column":58}},{"start":{},"end":{}}],"line":100}},"s":{"0":0,"1":0,"2":0,"3":0,"4":0,"5":0,"6":0,"7":0,"8":0,"9":0,"10":0,"11":0,"12":0,"13":0,"14":0,"15":0,"16":0,"17":0,"18":0,"19":0,"20":0,"21":0,"22":0,"23":0,"24":0,"25":0,"26":0,"27":0,"28":0,"29":0,"30":0,"31":0,"32":0,"33":0,"34":0,"35":0,"36":0,"37":0,"38":0,"39":0,"40":0,"41":0,"42":0,"43":0,"44":0,"45":0,"46":0,"47":0,"48":0,"49":0,"50":0,"51":0,"52":0,"53":0,"54":0,"55":0,"56":0,"57":0,"58":0,"59":0,"60":0,"61":0,"62":0,"63":0,"64":0,"65":0,"66":0,"67":0},"f":{"0":0,"1":0,"2":0,"3":0,"4":0,"5":0,"6":0,"7":0,"8":0,"9":0,"10":0,"11":0,"12":0},"b":{"0":[0,0],"1":[0,0],"2":[0,0],"3":[0,0]}}
,"/home/carlos/Documentos/PUC/ProjetoFinalProgramacao/src/electron-wait-react.js": {"path":"/home/carlos/Documentos/PUC/ProjetoFinalProgramacao/src/electron-wait-react.js","statementMap":{"0":{"start":{"line":1,"column":12},"end":{"line":1,"column":26}},"1":{"start":{"line":2,"column":13},"end":{"line":2,"column":63}},"2":{"start":{"line":4,"column":0},"end":{"line":4,"column":60}},"3":{"start":{"line":6,"column":15},"end":{"line":6,"column":31}},"4":{"start":{"line":8,"column":22},"end":{"line":8,"column":27}},"5":{"start":{"line":9,"column":22},"end":{"line":21,"column":1}},"6":{"start":{"line":9,"column":28},"end":{"line":21,"column":1}},"7":{"start":{"line":10,"column":8},"end":{"line":10,"column":21}},"8":{"start":{"line":11,"column":8},"end":{"line":19,"column":9}},"9":{"start":{"line":12,"column":12},"end":{"line":12,"column":45}},"10":{"start":{"line":13,"column":12},"end":{"line":13,"column":35}},"11":{"start":{"line":14,"column":25},"end":{"line":14,"column":54}},"12":{"start":{"line":15,"column":29},"end":{"line":15,"column":53}},"13":{"start":{"line":16,"column":12},"end":{"line":18,"column":15}},"14":{"start":{"line":17,"column":16},"end":{"line":17,"column":58}},"15":{"start":{"line":23,"column":0},"end":{"line":23,"column":16}},"16":{"start":{"line":25,"column":0},"end":{"line":27,"column":3}},"17":{"start":{"line":26,"column":4},"end":{"line":26,"column":36}}},"fnMap":{"0":{"name":"(anonymous_0)","decl":{"start":{"line":9,"column":22},"end":{"line":9,"column":23}},"loc":{"start":{"line":9,"column":28},"end":{"line":21,"column":1}},"line":9},"1":{"name":"(anonymous_1)","decl":{"start":{"line":9,"column":57},"end":{"line":9,"column":58}},"loc":{"start":{"line":9,"column":63},"end":{"line":20,"column":5}},"line":9},"2":{"name":"(anonymous_2)","decl":{"start":{"line":16,"column":39},"end":{"line":16,"column":40}},"loc":{"start":{"line":16,"column":54},"end":{"line":18,"column":13}},"line":16},"3":{"name":"(anonymous_3)","decl":{"start":{"line":25,"column":19},"end":{"line":25,"column":20}},"loc":{"start":{"line":25,"column":30},"end":{"line":27,"column":1}},"line":25}},"branchMap":{"0":{"loc":{"start":{"line":2,"column":13},"end":{"line":2,"column":63}},"type":"cond-expr","locations":[{"start":{"line":2,"column":33},"end":{"line":2,"column":55}},{"start":{"line":2,"column":59},"end":{"line":2,"column":63}}],"line":2},"1":{"loc":{"start":{"line":11,"column":8},"end":{"line":19,"column":9}},"type":"if","locations":[{"start":{"line":11,"column":8},"end":{"line":19,"column":9}},{"start":{},"end":{}}],"line":11}},"s":{"0":0,"1":0,"2":0,"3":0,"4":0,"5":0,"6":0,"7":0,"8":0,"9":0,"10":0,"11":0,"12":0,"13":0,"14":0,"15":0,"16":0,"17":0},"f":{"0":0,"1":0,"2":0,"3":0},"b":{"0":[0,0],"1":[0,0]}}
,"/home/carlos/Documentos/PUC/ProjetoFinalProgramacao/src/index.js": {"path":"/home/carlos/Documentos/PUC/ProjetoFinalProgramacao/src/index.js","statementMap":{"0":{"start":{"line":7,"column":13},"end":{"line":7,"column":65}},"1":{"start":{"line":8,"column":0},"end":{"line":12,"column":2}},"2":{"start":{"line":17,"column":0},"end":{"line":17,"column":18}}},"fnMap":{},"branchMap":{},"s":{"0":0,"1":0,"2":0},"f":{},"b":{}}
,"/home/carlos/Documentos/PUC/ProjetoFinalProgramacao/src/reportWebVitals.js": {"path":"/home/carlos/Documentos/PUC/ProjetoFinalProgramacao/src/reportWebVitals.js","statementMap":{"0":{"start":{"line":1,"column":24},"end":{"line":11,"column":1}},"1":{"start":{"line":2,"column":2},"end":{"line":10,"column":3}},"2":{"start":{"line":3,"column":4},"end":{"line":9,"column":7}},"3":{"start":{"line":4,"column":6},"end":{"line":4,"column":26}},"4":{"start":{"line":5,"column":6},"end":{"line":5,"column":26}},"5":{"start":{"line":6,"column":6},"end":{"line":6,"column":26}},"6":{"start":{"line":7,"column":6},"end":{"line":7,"column":26}},"7":{"start":{"line":8,"column":6},"end":{"line":8,"column":27}}},"fnMap":{"0":{"name":"(anonymous_0)","decl":{"start":{"line":1,"column":24},"end":{"line":1,"column":25}},"loc":{"start":{"line":1,"column":39},"end":{"line":11,"column":1}},"line":1},"1":{"name":"(anonymous_1)","decl":{"start":{"line":3,"column":30},"end":{"line":3,"column":31}},"loc":{"start":{"line":3,"column":79},"end":{"line":9,"column":5}},"line":3}},"branchMap":{"0":{"loc":{"start":{"line":2,"column":2},"end":{"line":10,"column":3}},"type":"if","locations":[{"start":{"line":2,"column":2},"end":{"line":10,"column":3}},{"start":{},"end":{}}],"line":2},"1":{"loc":{"start":{"line":2,"column":6},"end":{"line":2,"column":52}},"type":"binary-expr","locations":[{"start":{"line":2,"column":6},"end":{"line":2,"column":17}},{"start":{"line":2,"column":21},"end":{"line":2,"column":52}}],"line":2}},"s":{"0":0,"1":0,"2":0,"3":0,"4":0,"5":0,"6":0,"7":0},"f":{"0":0,"1":0},"b":{"0":[0,0],"1":[0,0]}}
,"/home/carlos/Documentos/PUC/ProjetoFinalProgramacao/src/components/AnnotationClass/index.js": {"path":"/home/carlos/Documentos/PUC/ProjetoFinalProgramacao/src/components/AnnotationClass/index.js","statementMap":{"0":{"start":{"line":14,"column":19},"end":{"line":18,"column":1}},"1":{"start":{"line":21,"column":46},"end":{"line":21,"column":58}},"2":{"start":{"line":22,"column":38},"end":{"line":22,"column":50}},"3":{"start":{"line":23,"column":30},"end":{"line":23,"column":42}},"4":{"start":{"line":24,"column":40},"end":{"line":24,"column":52}},"5":{"start":{"line":26,"column":19},"end":{"line":26,"column":45}},"6":{"start":{"line":28,"column":27},"end":{"line":33,"column":5}},"7":{"start":{"line":29,"column":8},"end":{"line":29,"column":28}},"8":{"start":{"line":30,"column":8},"end":{"line":30,"column":24}},"9":{"start":{"line":31,"column":8},"end":{"line":31,"column":20}},"10":{"start":{"line":32,"column":8},"end":{"line":32,"column":25}},"11":{"start":{"line":35,"column":23},"end":{"line":43,"column":5}},"12":{"start":{"line":36,"column":8},"end":{"line":39,"column":9}},"13":{"start":{"line":37,"column":12},"end":{"line":37,"column":66}},"14":{"start":{"line":38,"column":12},"end":{"line":38,"column":18}},"15":{"start":{"line":40,"column":8},"end":{"line":40,"column":49}},"16":{"start":{"line":41,"column":8},"end":{"line":41,"column":24}},"17":{"start":{"line":42,"column":8},"end":{"line":42,"column":22}},"18":{"start":{"line":45,"column":30},"end":{"line":50,"column":5}},"19":{"start":{"line":46,"column":8},"end":{"line":46,"column":37}},"20":{"start":{"line":47,"column":8},"end":{"line":49,"column":9}},"21":{"start":{"line":48,"column":12},"end":{"line":48,"column":33}},"22":{"start":{"line":52,"column":38},"end":{"line":61,"column":5}},"23":{"start":{"line":53,"column":8},"end":{"line":60,"column":28}},"24":{"start":{"line":54,"column":30},"end":{"line":54,"column":57}},"25":{"start":{"line":55,"column":12},"end":{"line":55,"column":44}},"26":{"start":{"line":56,"column":12},"end":{"line":56,"column":36}},"27":{"start":{"line":57,"column":12},"end":{"line":57,"column":47}},"28":{"start":{"line":58,"column":12},"end":{"line":58,"column":48}},"29":{"start":{"line":60,"column":12},"end":{"line":60,"column":28}},"30":{"start":{"line":63,"column":32},"end":{"line":65,"column":5}},"31":{"start":{"line":64,"column":8},"end":{"line":64,"column":29}},"32":{"start":{"line":67,"column":32},"end":{"line":71,"column":5}},"33":{"start":{"line":68,"column":8},"end":{"line":68,"column":34}},"34":{"start":{"line":69,"column":8},"end":{"line":69,"column":24}},"35":{"start":{"line":70,"column":8},"end":{"line":70,"column":22}},"36":{"start":{"line":73,"column":4},"end":{"line":157,"column":5}},"37":{"start":{"line":99,"column":44},"end":{"line":99,"column":90}},"38":{"start":{"line":122,"column":45},"end":{"line":122,"column":73}},"39":{"start":{"line":137,"column":40},"end":{"line":137,"column":86}}},"fnMap":{"0":{"name":"AnnotionClass","decl":{"start":{"line":20,"column":16},"end":{"line":20,"column":29}},"loc":{"start":{"line":20,"column":85},"end":{"line":158,"column":1}},"line":20},"1":{"name":"(anonymous_1)","decl":{"start":{"line":28,"column":27},"end":{"line":28,"column":28}},"loc":{"start":{"line":28,"column":33},"end":{"line":33,"column":5}},"line":28},"2":{"name":"(anonymous_2)","decl":{"start":{"line":35,"column":23},"end":{"line":35,"column":24}},"loc":{"start":{"line":35,"column":29},"end":{"line":43,"column":5}},"line":35},"3":{"name":"(anonymous_3)","decl":{"start":{"line":45,"column":30},"end":{"line":45,"column":31}},"loc":{"start":{"line":45,"column":41},"end":{"line":50,"column":5}},"line":45},"4":{"name":"(anonymous_4)","decl":{"start":{"line":52,"column":38},"end":{"line":52,"column":39}},"loc":{"start":{"line":52,"column":49},"end":{"line":61,"column":5}},"line":52},"5":{"name":"(anonymous_5)","decl":{"start":{"line":63,"column":32},"end":{"line":63,"column":33}},"loc":{"start":{"line":63,"column":44},"end":{"line":65,"column":5}},"line":63},"6":{"name":"(anonymous_6)","decl":{"start":{"line":67,"column":32},"end":{"line":67,"column":33}},"loc":{"start":{"line":67,"column":38},"end":{"line":71,"column":5}},"line":67},"7":{"name":"(anonymous_7)","decl":{"start":{"line":98,"column":65},"end":{"line":98,"column":66}},"loc":{"start":{"line":99,"column":44},"end":{"line":99,"column":90}},"line":99},"8":{"name":"(anonymous_8)","decl":{"start":{"line":122,"column":38},"end":{"line":122,"column":39}},"loc":{"start":{"line":122,"column":45},"end":{"line":122,"column":73}},"line":122},"9":{"name":"(anonymous_9)","decl":{"start":{"line":136,"column":47},"end":{"line":136,"column":48}},"loc":{"start":{"line":137,"column":40},"end":{"line":137,"column":86}},"line":137}},"branchMap":{"0":{"loc":{"start":{"line":36,"column":8},"end":{"line":39,"column":9}},"type":"if","locations":[{"start":{"line":36,"column":8},"end":{"line":39,"column":9}},{"start":{},"end":{}}],"line":36},"1":{"loc":{"start":{"line":47,"column":8},"end":{"line":49,"column":9}},"type":"if","locations":[{"start":{"line":47,"column":8},"end":{"line":49,"column":9}},{"start":{},"end":{}}],"line":47},"2":{"loc":{"start":{"line":53,"column":8},"end":{"line":60,"column":28}},"type":"if","locations":[{"start":{"line":53,"column":8},"end":{"line":60,"column":28}},{"start":{"line":60,"column":12},"end":{"line":60,"column":28}}],"line":53},"3":{"loc":{"start":{"line":143,"column":21},"end":{"line":148,"column":21}},"type":"binary-expr","locations":[{"start":{"line":143,"column":21},"end":{"line":143,"column":43}},{"start":{"line":144,"column":24},"end":{"line":147,"column":31}}],"line":143}},"s":{"0":0,"1":0,"2":0,"3":0,"4":0,"5":0,"6":0,"7":0,"8":0,"9":0,"10":0,"11":0,"12":0,"13":0,"14":0,"15":0,"16":0,"17":0,"18":0,"19":0,"20":0,"21":0,"22":0,"23":0,"24":0,"25":0,"26":0,"27":0,"28":0,"29":0,"30":0,"31":0,"32":0,"33":0,"34":0,"35":0,"36":0,"37":0,"38":0,"39":0},"f":{"0":0,"1":0,"2":0,"3":0,"4":0,"5":0,"6":0,"7":0,"8":0,"9":0},"b":{"0":[0,0],"1":[0,0],"2":[0,0],"3":[0,0]}}
,"/home/carlos/Documentos/PUC/ProjetoFinalProgramacao/src/components/AnnotationExport/index.js": {"path":"/home/carlos/Documentos/PUC/ProjetoFinalProgramacao/src/components/AnnotationExport/index.js","statementMap":{"0":{"start":{"line":13,"column":19},"end":{"line":17,"column":1}},"1":{"start":{"line":20,"column":50},"end":{"line":20,"column":85}},"2":{"start":{"line":22,"column":25},"end":{"line":45,"column":5}},"3":{"start":{"line":23,"column":28},"end":{"line":23,"column":30}},"4":{"start":{"line":24,"column":29},"end":{"line":27,"column":9}},"5":{"start":{"line":28,"column":21},"end":{"line":28,"column":38}},"6":{"start":{"line":30,"column":8},"end":{"line":33,"column":9}},"7":{"start":{"line":30,"column":20},"end":{"line":30,"column":21}},"8":{"start":{"line":31,"column":12},"end":{"line":32,"column":45}},"9":{"start":{"line":32,"column":16},"end":{"line":32,"column":45}},"10":{"start":{"line":35,"column":8},"end":{"line":44,"column":15}},"11":{"start":{"line":37,"column":16},"end":{"line":43,"column":26}},"12":{"start":{"line":38,"column":20},"end":{"line":43,"column":26}},"13":{"start":{"line":40,"column":28},"end":{"line":40,"column":47}},"14":{"start":{"line":41,"column":28},"end":{"line":42,"column":45}},"15":{"start":{"line":42,"column":32},"end":{"line":42,"column":45}},"16":{"start":{"line":47,"column":31},"end":{"line":51,"column":5}},"17":{"start":{"line":48,"column":26},"end":{"line":48,"column":41}},"18":{"start":{"line":49,"column":8},"end":{"line":49,"column":54}},"19":{"start":{"line":50,"column":8},"end":{"line":50,"column":39}},"20":{"start":{"line":53,"column":4},"end":{"line":107,"column":5}},"21":{"start":{"line":72,"column":44},"end":{"line":82,"column":56}},"22":{"start":{"line":78,"column":76},"end":{"line":78,"column":101}},"23":{"start":{"line":88,"column":40},"end":{"line":92,"column":51}},"24":{"start":{"line":90,"column":48},"end":{"line":90,"column":80}}},"fnMap":{"0":{"name":"AnnotationExport","decl":{"start":{"line":19,"column":16},"end":{"line":19,"column":32}},"loc":{"start":{"line":19,"column":74},"end":{"line":108,"column":1}},"line":19},"1":{"name":"(anonymous_1)","decl":{"start":{"line":22,"column":25},"end":{"line":22,"column":26}},"loc":{"start":{"line":22,"column":31},"end":{"line":45,"column":5}},"line":22},"2":{"name":"(anonymous_2)","decl":{"start":{"line":36,"column":18},"end":{"line":36,"column":19}},"loc":{"start":{"line":36,"column":28},"end":{"line":44,"column":13}},"line":36},"3":{"name":"(anonymous_3)","decl":{"start":{"line":39,"column":30},"end":{"line":39,"column":31}},"loc":{"start":{"line":39,"column":42},"end":{"line":43,"column":25}},"line":39},"4":{"name":"(anonymous_4)","decl":{"start":{"line":47,"column":31},"end":{"line":47,"column":32}},"loc":{"start":{"line":47,"column":45},"end":{"line":51,"column":5}},"line":47},"5":{"name":"(anonymous_5)","decl":{"start":{"line":71,"column":63},"end":{"line":71,"column":64}},"loc":{"start":{"line":72,"column":44},"end":{"line":82,"column":56}},"line":72},"6":{"name":"(anonymous_6)","decl":{"start":{"line":78,"column":70},"end":{"line":78,"column":71}},"loc":{"start":{"line":78,"column":76},"end":{"line":78,"column":101}},"line":78},"7":{"name":"(anonymous_7)","decl":{"start":{"line":87,"column":67},"end":{"line":87,"column":68}},"loc":{"start":{"line":88,"column":40},"end":{"line":92,"column":51}},"line":88},"8":{"name":"(anonymous_8)","decl":{"start":{"line":89,"column":57},"end":{"line":89,"column":58}},"loc":{"start":{"line":90,"column":48},"end":{"line":90,"column":80}},"line":90}},"branchMap":{"0":{"loc":{"start":{"line":31,"column":12},"end":{"line":32,"column":45}},"type":"if","locations":[{"start":{"line":31,"column":12},"end":{"line":32,"column":45}},{"start":{},"end":{}}],"line":31},"1":{"loc":{"start":{"line":37,"column":16},"end":{"line":43,"column":26}},"type":"if","locations":[{"start":{"line":37,"column":16},"end":{"line":43,"column":26}},{"start":{},"end":{}}],"line":37},"2":{"loc":{"start":{"line":41,"column":28},"end":{"line":42,"column":45}},"type":"if","locations":[{"start":{"line":41,"column":28},"end":{"line":42,"column":45}},{"start":{},"end":{}}],"line":41},"3":{"loc":{"start":{"line":67,"column":24},"end":{"line":96,"column":25}},"type":"binary-expr","locations":[{"start":{"line":67,"column":25},"end":{"line":67,"column":34}},{"start":{"line":68,"column":28},"end":{"line":95,"column":36}}],"line":67}},"s":{"0":0,"1":0,"2":0,"3":0,"4":0,"5":0,"6":0,"7":0,"8":0,"9":0,"10":0,"11":0,"12":0,"13":0,"14":0,"15":0,"16":0,"17":0,"18":0,"19":0,"20":0,"21":0,"22":0,"23":0,"24":0},"f":{"0":0,"1":0,"2":0,"3":0,"4":0,"5":0,"6":0,"7":0,"8":0},"b":{"0":[0,0],"1":[0,0],"2":[0,0],"3":[0,0]}}
,"/home/carlos/Documentos/PUC/ProjetoFinalProgramacao/src/components/DatabaseItem/index.js": {"path":"/home/carlos/Documentos/PUC/ProjetoFinalProgramacao/src/components/DatabaseItem/index.js","statementMap":{"0":{"start":{"line":12,"column":17},"end":{"line":25,"column":15}},"1":{"start":{"line":28,"column":21},"end":{"line":28,"column":34}},"2":{"start":{"line":30,"column":35},"end":{"line":33,"column":5}},"3":{"start":{"line":31,"column":8},"end":{"line":31,"column":63}},"4":{"start":{"line":32,"column":8},"end":{"line":32,"column":40}},"5":{"start":{"line":35,"column":4},"end":{"line":59,"column":5}},"6":{"start":{"line":41,"column":36},"end":{"line":41,"column":64}}},"fnMap":{"0":{"name":"DatabaseItem","decl":{"start":{"line":27,"column":16},"end":{"line":27,"column":28}},"loc":{"start":{"line":27,"column":61},"end":{"line":60,"column":1}},"line":27},"1":{"name":"(anonymous_1)","decl":{"start":{"line":30,"column":35},"end":{"line":30,"column":36}},"loc":{"start":{"line":30,"column":41},"end":{"line":33,"column":5}},"line":30},"2":{"name":"(anonymous_2)","decl":{"start":{"line":41,"column":29},"end":{"line":41,"column":30}},"loc":{"start":{"line":41,"column":35},"end":{"line":41,"column":65}},"line":41}},"branchMap":{},"s":{"0":1,"1":1,"2":1,"3":0,"4":0,"5":1,"6":0},"f":{"0":1,"1":0,"2":0},"b":{},"_coverageSchema":"1a1c01bbd47fc00a2c39e90264f33305004495a9","hash":"ef0dbc4d63add3a2e3941006d39c4c83c26181eb"}
,"/home/carlos/Documentos/PUC/ProjetoFinalProgramacao/src/components/MultiValueTextField/index.js": {"path":"/home/carlos/Documentos/PUC/ProjetoFinalProgramacao/src/components/MultiValueTextField/index.js","statementMap":{"0":{"start":{"line":9,"column":18},"end":{"line":32,"column":3}},"1":{"start":{"line":9,"column":41},"end":{"line":32,"column":1}},"2":{"start":{"line":35,"column":17},"end":{"line":35,"column":28}},"3":{"start":{"line":36,"column":29},"end":{"line":36,"column":44}},"4":{"start":{"line":37,"column":35},"end":{"line":37,"column":47}},"5":{"start":{"line":39,"column":4},"end":{"line":41,"column":16}},"6":{"start":{"line":40,"column":8},"end":{"line":40,"column":30}},"7":{"start":{"line":43,"column":21},"end":{"line":48,"column":2}},"8":{"start":{"line":44,"column":2},"end":{"line":47,"column":3}},"9":{"start":{"line":45,"column":3},"end":{"line":45,"column":58}},"10":{"start":{"line":45,"column":27},"end":{"line":45,"column":56}},"11":{"start":{"line":46,"column":3},"end":{"line":46,"column":20}},"12":{"start":{"line":50,"column":22},"end":{"line":52,"column":5}},"13":{"start":{"line":51,"column":2},"end":{"line":51,"column":31}},"14":{"start":{"line":54,"column":25},"end":{"line":58,"column":5}},"15":{"start":{"line":55,"column":18},"end":{"line":55,"column":29}},"16":{"start":{"line":56,"column":8},"end":{"line":56,"column":27}},"17":{"start":{"line":57,"column":8},"end":{"line":57,"column":22}},"18":{"start":{"line":60,"column":1},"end":{"line":73,"column":3}},"19":{"start":{"line":64,"column":20},"end":{"line":64,"column":94}},"20":{"start":{"line":64,"column":54},"end":{"line":64,"column":78}}},"fnMap":{"0":{"name":"(anonymous_0)","decl":{"start":{"line":9,"column":29},"end":{"line":9,"column":30}},"loc":{"start":{"line":9,"column":41},"end":{"line":32,"column":1}},"line":9},"1":{"name":"MultiValueTextField","decl":{"start":{"line":34,"column":16},"end":{"line":34,"column":35}},"loc":{"start":{"line":34,"column":61},"end":{"line":74,"column":1}},"line":34},"2":{"name":"(anonymous_2)","decl":{"start":{"line":39,"column":14},"end":{"line":39,"column":15}},"loc":{"start":{"line":39,"column":20},"end":{"line":41,"column":5}},"line":39},"3":{"name":"(anonymous_3)","decl":{"start":{"line":43,"column":21},"end":{"line":43,"column":22}},"loc":{"start":{"line":43,"column":28},"end":{"line":48,"column":2}},"line":43},"4":{"name":"(anonymous_4)","decl":{"start":{"line":45,"column":13},"end":{"line":45,"column":14}},"loc":{"start":{"line":45,"column":27},"end":{"line":45,"column":56}},"line":45},"5":{"name":"(anonymous_5)","decl":{"start":{"line":50,"column":22},"end":{"line":50,"column":23}},"loc":{"start":{"line":50,"column":29},"end":{"line":52,"column":5}},"line":50},"6":{"name":"(anonymous_6)","decl":{"start":{"line":54,"column":25},"end":{"line":54,"column":26}},"loc":{"start":{"line":54,"column":42},"end":{"line":58,"column":5}},"line":54},"7":{"name":"(anonymous_7)","decl":{"start":{"line":63,"column":28},"end":{"line":63,"column":29}},"loc":{"start":{"line":64,"column":20},"end":{"line":64,"column":94}},"line":64},"8":{"name":"(anonymous_8)","decl":{"start":{"line":64,"column":50},"end":{"line":64,"column":51}},"loc":{"start":{"line":64,"column":54},"end":{"line":64,"column":78}},"line":64}},"branchMap":{"0":{"loc":{"start":{"line":44,"column":2},"end":{"line":47,"column":3}},"type":"if","locations":[{"start":{"line":44,"column":2},"end":{"line":47,"column":3}},{"start":{},"end":{}}],"line":44}},"s":{"0":0,"1":0,"2":0,"3":0,"4":0,"5":0,"6":0,"7":0,"8":0,"9":0,"10":0,"11":0,"12":0,"13":0,"14":0,"15":0,"16":0,"17":0,"18":0,"19":0,"20":0},"f":{"0":0,"1":0,"2":0,"3":0,"4":0,"5":0,"6":0,"7":0,"8":0},"b":{"0":[0,0]}}
,"/home/carlos/Documentos/PUC/ProjetoFinalProgramacao/src/components/UploadDatabase/index.js": {"path":"/home/carlos/Documentos/PUC/ProjetoFinalProgramacao/src/components/UploadDatabase/index.js","statementMap":{"0":{"start":{"line":15,"column":28},"end":{"line":17,"column":1}},"1":{"start":{"line":19,"column":26},"end":{"line":21,"column":1}},"2":{"start":{"line":23,"column":19},"end":{"line":27,"column":1}},"3":{"start":{"line":30,"column":38},"end":{"line":30,"column":52}},"4":{"start":{"line":31,"column":38},"end":{"line":31,"column":50}},"5":{"start":{"line":32,"column":38},"end":{"line":32,"column":50}},"6":{"start":{"line":34,"column":27},"end":{"line":38,"column":5}},"7":{"start":{"line":35,"column":8},"end":{"line":35,"column":26}},"8":{"start":{"line":36,"column":8},"end":{"line":36,"column":24}},"9":{"start":{"line":37,"column":8},"end":{"line":37,"column":24}},"10":{"start":{"line":40,"column":4},"end":{"line":50,"column":18}},"11":{"start":{"line":41,"column":8},"end":{"line":48,"column":9}},"12":{"start":{"line":42,"column":12},"end":{"line":47,"column":14}},"13":{"start":{"line":43,"column":31},"end":{"line":43,"column":54}},"14":{"start":{"line":44,"column":16},"end":{"line":46,"column":18}},"15":{"start":{"line":45,"column":20},"end":{"line":45,"column":36}},"16":{"start":{"line":52,"column":4},"end":{"line":59,"column":30}},"17":{"start":{"line":53,"column":8},"end":{"line":57,"column":9}},"18":{"start":{"line":54,"column":12},"end":{"line":56,"column":14}},"19":{"start":{"line":61,"column":24},"end":{"line":67,"column":5}},"20":{"start":{"line":62,"column":8},"end":{"line":66,"column":9}},"21":{"start":{"line":63,"column":12},"end":{"line":63,"column":55}},"22":{"start":{"line":65,"column":12},"end":{"line":65,"column":42}},"23":{"start":{"line":69,"column":26},"end":{"line":83,"column":5}},"24":{"start":{"line":70,"column":8},"end":{"line":82,"column":9}},"25":{"start":{"line":75,"column":37},"end":{"line":75,"column":74}},"26":{"start":{"line":79,"column":20},"end":{"line":79,"column":66}},"27":{"start":{"line":85,"column":34},"end":{"line":87,"column":5}},"28":{"start":{"line":86,"column":8},"end":{"line":86,"column":40}},"29":{"start":{"line":89,"column":34},"end":{"line":91,"column":5}},"30":{"start":{"line":90,"column":8},"end":{"line":90,"column":40}},"31":{"start":{"line":93,"column":23},"end":{"line":103,"column":5}},"32":{"start":{"line":94,"column":24},"end":{"line":94,"column":43}},"33":{"start":{"line":95,"column":23},"end":{"line":95,"column":52}},"34":{"start":{"line":96,"column":8},"end":{"line":102,"column":10}},"35":{"start":{"line":97,"column":12},"end":{"line":100,"column":13}},"36":{"start":{"line":98,"column":16},"end":{"line":98,"column":32}},"37":{"start":{"line":99,"column":16},"end":{"line":99,"column":29}},"38":{"start":{"line":101,"column":12},"end":{"line":101,"column":31}},"39":{"start":{"line":105,"column":25},"end":{"line":108,"column":5}},"40":{"start":{"line":106,"column":8},"end":{"line":106,"column":24}},"41":{"start":{"line":107,"column":8},"end":{"line":107,"column":21}},"42":{"start":{"line":110,"column":4},"end":{"line":199,"column":5}},"43":{"start":{"line":133,"column":40},"end":{"line":140,"column":42}},"44":{"start":{"line":159,"column":44},"end":{"line":159,"column":90}},"45":{"start":{"line":177,"column":44},"end":{"line":177,"column":90}}},"fnMap":{"0":{"name":"UploadDatabase","decl":{"start":{"line":29,"column":16},"end":{"line":29,"column":30}},"loc":{"start":{"line":29,"column":62},"end":{"line":200,"column":1}},"line":29},"1":{"name":"(anonymous_1)","decl":{"start":{"line":34,"column":27},"end":{"line":34,"column":28}},"loc":{"start":{"line":34,"column":33},"end":{"line":38,"column":5}},"line":34},"2":{"name":"(anonymous_2)","decl":{"start":{"line":40,"column":14},"end":{"line":40,"column":15}},"loc":{"start":{"line":40,"column":20},"end":{"line":50,"column":5}},"line":40},"3":{"name":"(anonymous_3)","decl":{"start":{"line":42,"column":56},"end":{"line":42,"column":57}},"loc":{"start":{"line":42,"column":71},"end":{"line":47,"column":13}},"line":42},"4":{"name":"(anonymous_4)","decl":{"start":{"line":44,"column":39},"end":{"line":44,"column":40}},"loc":{"start":{"line":44,"column":45},"end":{"line":46,"column":17}},"line":44},"5":{"name":"(anonymous_5)","decl":{"start":{"line":52,"column":14},"end":{"line":52,"column":15}},"loc":{"start":{"line":52,"column":20},"end":{"line":59,"column":5}},"line":52},"6":{"name":"(anonymous_6)","decl":{"start":{"line":61,"column":24},"end":{"line":61,"column":25}},"loc":{"start":{"line":61,"column":41},"end":{"line":67,"column":5}},"line":61},"7":{"name":"(anonymous_7)","decl":{"start":{"line":69,"column":26},"end":{"line":69,"column":27}},"loc":{"start":{"line":69,"column":43},"end":{"line":83,"column":5}},"line":69},"8":{"name":"(anonymous_8)","decl":{"start":{"line":75,"column":26},"end":{"line":75,"column":27}},"loc":{"start":{"line":75,"column":37},"end":{"line":75,"column":74}},"line":75},"9":{"name":"(anonymous_9)","decl":{"start":{"line":78,"column":28},"end":{"line":78,"column":29}},"loc":{"start":{"line":79,"column":20},"end":{"line":79,"column":66}},"line":79},"10":{"name":"(anonymous_10)","decl":{"start":{"line":85,"column":34},"end":{"line":85,"column":35}},"loc":{"start":{"line":85,"column":45},"end":{"line":87,"column":5}},"line":85},"11":{"name":"(anonymous_11)","decl":{"start":{"line":89,"column":34},"end":{"line":89,"column":35}},"loc":{"start":{"line":89,"column":45},"end":{"line":91,"column":5}},"line":89},"12":{"name":"(anonymous_12)","decl":{"start":{"line":93,"column":23},"end":{"line":93,"column":24}},"loc":{"start":{"line":93,"column":29},"end":{"line":103,"column":5}},"line":93},"13":{"name":"(anonymous_13)","decl":{"start":{"line":96,"column":70},"end":{"line":96,"column":71}},"loc":{"start":{"line":96,"column":82},"end":{"line":102,"column":9}},"line":96},"14":{"name":"(anonymous_14)","decl":{"start":{"line":105,"column":25},"end":{"line":105,"column":26}},"loc":{"start":{"line":105,"column":31},"end":{"line":108,"column":5}},"line":105},"15":{"name":"(anonymous_15)","decl":{"start":{"line":115,"column":21},"end":{"line":115,"column":22}},"loc":{"start":{"line":115,"column":27},"end":{"line":115,"column":29}},"line":115},"16":{"name":"(anonymous_16)","decl":{"start":{"line":132,"column":80},"end":{"line":132,"column":81}},"loc":{"start":{"line":133,"column":40},"end":{"line":140,"column":42}},"line":133},"17":{"name":"(anonymous_17)","decl":{"start":{"line":158,"column":84},"end":{"line":158,"column":85}},"loc":{"start":{"line":159,"column":44},"end":{"line":159,"column":90}},"line":159},"18":{"name":"(anonymous_18)","decl":{"start":{"line":176,"column":84},"end":{"line":176,"column":85}},"loc":{"start":{"line":177,"column":44},"end":{"line":177,"column":90}},"line":177}},"branchMap":{"0":{"loc":{"start":{"line":41,"column":8},"end":{"line":48,"column":9}},"type":"if","locations":[{"start":{"line":41,"column":8},"end":{"line":48,"column":9}},{"start":{},"end":{}}],"line":41},"1":{"loc":{"start":{"line":53,"column":8},"end":{"line":57,"column":9}},"type":"if","locations":[{"start":{"line":53,"column":8},"end":{"line":57,"column":9}},{"start":{},"end":{}}],"line":53},"2":{"loc":{"start":{"line":53,"column":11},"end":{"line":53,"column":69}},"type":"binary-expr","locations":[{"start":{"line":53,"column":11},"end":{"line":53,"column":29}},{"start":{"line":53,"column":33},"end":{"line":53,"column":49}},{"start":{"line":53,"column":53},"end":{"line":53,"column":69}}],"line":53},"3":{"loc":{"start":{"line":97,"column":12},"end":{"line":100,"column":13}},"type":"if","locations":[{"start":{"line":97,"column":12},"end":{"line":100,"column":13}},{"start":{},"end":{}}],"line":97},"4":{"loc":{"start":{"line":132,"column":36},"end":{"line":141,"column":38}},"type":"binary-expr","locations":[{"start":{"line":132,"column":36},"end":{"line":132,"column":54}},{"start":{"line":132,"column":58},"end":{"line":141,"column":38}}],"line":132},"5":{"loc":{"start":{"line":158,"column":40},"end":{"line":160,"column":42}},"type":"binary-expr","locations":[{"start":{"line":158,"column":40},"end":{"line":158,"column":58}},{"start":{"line":158,"column":62},"end":{"line":160,"column":42}}],"line":158},"6":{"loc":{"start":{"line":176,"column":40},"end":{"line":178,"column":42}},"type":"binary-expr","locations":[{"start":{"line":176,"column":40},"end":{"line":176,"column":58}},{"start":{"line":176,"column":62},"end":{"line":178,"column":42}}],"line":176}},"s":{"0":0,"1":0,"2":0,"3":0,"4":0,"5":0,"6":0,"7":0,"8":0,"9":0,"10":0,"11":0,"12":0,"13":0,"14":0,"15":0,"16":0,"17":0,"18":0,"19":0,"20":0,"21":0,"22":0,"23":0,"24":0,"25":0,"26":0,"27":0,"28":0,"29":0,"30":0,"31":0,"32":0,"33":0,"34":0,"35":0,"36":0,"37":0,"38":0,"39":0,"40":0,"41":0,"42":0,"43":0,"44":0,"45":0},"f":{"0":0,"1":0,"2":0,"3":0,"4":0,"5":0,"6":0,"7":0,"8":0,"9":0,"10":0,"11":0,"12":0,"13":0,"14":0,"15":0,"16":0,"17":0,"18":0},"b":{"0":[0,0],"1":[0,0],"2":[0,0,0],"3":[0,0],"4":[0,0],"5":[0,0],"6":[0,0]}}
,"/home/carlos/Documentos/PUC/ProjetoFinalProgramacao/src/components/VariableItem/index.js": {"path":"/home/carlos/Documentos/PUC/ProjetoFinalProgramacao/src/components/VariableItem/index.js","statementMap":{"0":{"start":{"line":6,"column":4},"end":{"line":17,"column":5}}},"fnMap":{"0":{"name":"VariableItem","decl":{"start":{"line":4,"column":16},"end":{"line":4,"column":28}},"loc":{"start":{"line":4,"column":44},"end":{"line":18,"column":1}},"line":4}},"branchMap":{},"s":{"0":0},"f":{"0":0},"b":{}}
,"/home/carlos/Documentos/PUC/ProjetoFinalProgramacao/src/pages/DatabaseAnnotation/index.js": {"path":"/home/carlos/Documentos/PUC/ProjetoFinalProgramacao/src/pages/DatabaseAnnotation/index.js","statementMap":{"0":{"start":{"line":16,"column":23},"end":{"line":18,"column":1}},"1":{"start":{"line":20,"column":29},"end":{"line":24,"column":1}},"2":{"start":{"line":26,"column":27},"end":{"line":29,"column":1}},"3":{"start":{"line":31,"column":31},"end":{"line":36,"column":1}},"4":{"start":{"line":38,"column":27},"end":{"line":40,"column":1}},"5":{"start":{"line":42,"column":24},"end":{"line":45,"column":1}},"6":{"start":{"line":48,"column":21},"end":{"line":48,"column":34}},"7":{"start":{"line":50,"column":52},"end":{"line":50,"column":64}},"8":{"start":{"line":51,"column":38},"end":{"line":51,"column":52}},"9":{"start":{"line":52,"column":44},"end":{"line":52,"column":59}},"10":{"start":{"line":53,"column":40},"end":{"line":53,"column":55}},"11":{"start":{"line":55,"column":36},"end":{"line":55,"column":50}},"12":{"start":{"line":56,"column":38},"end":{"line":56,"column":50}},"13":{"start":{"line":57,"column":38},"end":{"line":57,"column":50}},"14":{"start":{"line":59,"column":34},"end":{"line":59,"column":46}},"15":{"start":{"line":60,"column":50},"end":{"line":60,"column":62}},"16":{"start":{"line":61,"column":38},"end":{"line":61,"column":50}},"17":{"start":{"line":62,"column":48},"end":{"line":62,"column":60}},"18":{"start":{"line":64,"column":4},"end":{"line":70,"column":6}},"19":{"start":{"line":65,"column":8},"end":{"line":69,"column":9}},"20":{"start":{"line":66,"column":12},"end":{"line":68,"column":15}},"21":{"start":{"line":67,"column":16},"end":{"line":67,"column":46}},"22":{"start":{"line":72,"column":4},"end":{"line":76,"column":10}},"23":{"start":{"line":73,"column":23},"end":{"line":73,"column":63}},"24":{"start":{"line":74,"column":8},"end":{"line":75,"column":41}},"25":{"start":{"line":75,"column":12},"end":{"line":75,"column":41}},"26":{"start":{"line":78,"column":4},"end":{"line":91,"column":26}},"27":{"start":{"line":79,"column":8},"end":{"line":89,"column":9}},"28":{"start":{"line":80,"column":12},"end":{"line":85,"column":14}},"29":{"start":{"line":81,"column":31},"end":{"line":81,"column":54}},"30":{"start":{"line":82,"column":16},"end":{"line":84,"column":18}},"31":{"start":{"line":83,"column":20},"end":{"line":83,"column":36}},"32":{"start":{"line":86,"column":12},"end":{"line":88,"column":14}},"33":{"start":{"line":87,"column":16},"end":{"line":87,"column":35}},"34":{"start":{"line":93,"column":4},"end":{"line":105,"column":30}},"35":{"start":{"line":94,"column":8},"end":{"line":103,"column":9}},"36":{"start":{"line":95,"column":12},"end":{"line":101,"column":14}},"37":{"start":{"line":102,"column":12},"end":{"line":102,"column":69}},"38":{"start":{"line":107,"column":4},"end":{"line":115,"column":17}},"39":{"start":{"line":108,"column":26},"end":{"line":108,"column":28}},"40":{"start":{"line":109,"column":8},"end":{"line":113,"column":9}},"41":{"start":{"line":110,"column":12},"end":{"line":112,"column":86}},"42":{"start":{"line":111,"column":16},"end":{"line":112,"column":86}},"43":{"start":{"line":112,"column":20},"end":{"line":112,"column":86}},"44":{"start":{"line":114,"column":8},"end":{"line":114,"column":39}},"45":{"start":{"line":117,"column":4},"end":{"line":123,"column":37}},"46":{"start":{"line":118,"column":8},"end":{"line":122,"column":14}},"47":{"start":{"line":119,"column":12},"end":{"line":122,"column":14}},"48":{"start":{"line":120,"column":16},"end":{"line":121,"column":39}},"49":{"start":{"line":121,"column":20},"end":{"line":121,"column":39}},"50":{"start":{"line":125,"column":34},"end":{"line":127,"column":5}},"51":{"start":{"line":126,"column":8},"end":{"line":126,"column":40}},"52":{"start":{"line":129,"column":34},"end":{"line":131,"column":5}},"53":{"start":{"line":130,"column":8},"end":{"line":130,"column":40}},"54":{"start":{"line":133,"column":33},"end":{"line":147,"column":5}},"55":{"start":{"line":134,"column":8},"end":{"line":145,"column":9}},"56":{"start":{"line":135,"column":12},"end":{"line":144,"column":13}},"57":{"start":{"line":137,"column":20},"end":{"line":142,"column":31}},"58":{"start":{"line":149,"column":27},"end":{"line":151,"column":5}},"59":{"start":{"line":150,"column":8},"end":{"line":150,"column":32}},"60":{"start":{"line":153,"column":31},"end":{"line":155,"column":5}},"61":{"start":{"line":154,"column":8},"end":{"line":154,"column":30}},"62":{"start":{"line":157,"column":32},"end":{"line":159,"column":5}},"63":{"start":{"line":158,"column":8},"end":{"line":158,"column":31}},"64":{"start":{"line":161,"column":25},"end":{"line":166,"column":5}},"65":{"start":{"line":162,"column":25},"end":{"line":162,"column":56}},"66":{"start":{"line":163,"column":19},"end":{"line":163,"column":37}},"67":{"start":{"line":164,"column":22},"end":{"line":164,"column":50}},"68":{"start":{"line":165,"column":8},"end":{"line":165,"column":61}},"69":{"start":{"line":168,"column":21},"end":{"line":177,"column":5}},"70":{"start":{"line":169,"column":25},"end":{"line":169,"column":37}},"71":{"start":{"line":170,"column":8},"end":{"line":173,"column":9}},"72":{"start":{"line":174,"column":8},"end":{"line":174,"column":30}},"73":{"start":{"line":175,"column":8},"end":{"line":175,"column":38}},"74":{"start":{"line":176,"column":8},"end":{"line":176,"column":91}},"75":{"start":{"line":176,"column":76},"end":{"line":176,"column":90}},"76":{"start":{"line":179,"column":24},"end":{"line":185,"column":5}},"77":{"start":{"line":180,"column":25},"end":{"line":180,"column":37}},"78":{"start":{"line":181,"column":8},"end":{"line":181,"column":40}},"79":{"start":{"line":182,"column":8},"end":{"line":182,"column":30}},"80":{"start":{"line":183,"column":8},"end":{"line":183,"column":65}},"81":{"start":{"line":184,"column":8},"end":{"line":184,"column":91}},"82":{"start":{"line":184,"column":76},"end":{"line":184,"column":90}},"83":{"start":{"line":187,"column":34},"end":{"line":189,"column":5}},"84":{"start":{"line":188,"column":8},"end":{"line":188,"column":40}},"85":{"start":{"line":191,"column":28},"end":{"line":206,"column":5}},"86":{"start":{"line":192,"column":26},"end":{"line":192,"column":46}},"87":{"start":{"line":193,"column":24},"end":{"line":193,"column":45}},"88":{"start":{"line":194,"column":23},"end":{"line":194,"column":37}},"89":{"start":{"line":195,"column":21},"end":{"line":195,"column":48}},"90":{"start":{"line":196,"column":8},"end":{"line":200,"column":9}},"91":{"start":{"line":197,"column":24},"end":{"line":197,"column":41}},"92":{"start":{"line":198,"column":24},"end":{"line":198,"column":41}},"93":{"start":{"line":199,"column":12},"end":{"line":199,"column":36}},"94":{"start":{"line":201,"column":27},"end":{"line":201,"column":66}},"95":{"start":{"line":202,"column":8},"end":{"line":202,"column":64}},"96":{"start":{"line":203,"column":8},"end":{"line":203,"column":34}},"97":{"start":{"line":204,"column":8},"end":{"line":204,"column":29}},"98":{"start":{"line":205,"column":8},"end":{"line":205,"column":24}},"99":{"start":{"line":208,"column":29},"end":{"line":210,"column":5}},"100":{"start":{"line":209,"column":8},"end":{"line":209,"column":28}},"101":{"start":{"line":212,"column":30},"end":{"line":214,"column":5}},"102":{"start":{"line":213,"column":8},"end":{"line":213,"column":29}},"103":{"start":{"line":216,"column":39},"end":{"line":221,"column":5}},"104":{"start":{"line":217,"column":8},"end":{"line":218,"column":26}},"105":{"start":{"line":218,"column":12},"end":{"line":218,"column":26}},"106":{"start":{"line":220,"column":8},"end":{"line":220,"column":21}},"107":{"start":{"line":223,"column":4},"end":{"line":362,"column":5}},"108":{"start":{"line":249,"column":36},"end":{"line":249,"column":82}},"109":{"start":{"line":267,"column":36},"end":{"line":267,"column":82}},"110":{"start":{"line":298,"column":40},"end":{"line":298,"column":86}}},"fnMap":{"0":{"name":"DatabaseAnnotation","decl":{"start":{"line":47,"column":16},"end":{"line":47,"column":34}},"loc":{"start":{"line":47,"column":36},"end":{"line":363,"column":1}},"line":47},"1":{"name":"(anonymous_1)","decl":{"start":{"line":64,"column":14},"end":{"line":64,"column":15}},"loc":{"start":{"line":64,"column":20},"end":{"line":70,"column":5}},"line":64},"2":{"name":"(anonymous_2)","decl":{"start":{"line":66,"column":43},"end":{"line":66,"column":44}},"loc":{"start":{"line":66,"column":57},"end":{"line":68,"column":13}},"line":66},"3":{"name":"(anonymous_3)","decl":{"start":{"line":72,"column":14},"end":{"line":72,"column":15}},"loc":{"start":{"line":72,"column":20},"end":{"line":76,"column":5}},"line":72},"4":{"name":"(anonymous_4)","decl":{"start":{"line":78,"column":14},"end":{"line":78,"column":15}},"loc":{"start":{"line":78,"column":20},"end":{"line":91,"column":5}},"line":78},"5":{"name":"(anonymous_5)","decl":{"start":{"line":80,"column":64},"end":{"line":80,"column":65}},"loc":{"start":{"line":80,"column":79},"end":{"line":85,"column":13}},"line":80},"6":{"name":"(anonymous_6)","decl":{"start":{"line":82,"column":39},"end":{"line":82,"column":40}},"loc":{"start":{"line":82,"column":45},"end":{"line":84,"column":17}},"line":82},"7":{"name":"(anonymous_7)","decl":{"start":{"line":86,"column":63},"end":{"line":86,"column":64}},"loc":{"start":{"line":86,"column":74},"end":{"line":88,"column":13}},"line":86},"8":{"name":"(anonymous_8)","decl":{"start":{"line":93,"column":14},"end":{"line":93,"column":15}},"loc":{"start":{"line":93,"column":20},"end":{"line":105,"column":5}},"line":93},"9":{"name":"(anonymous_9)","decl":{"start":{"line":107,"column":14},"end":{"line":107,"column":15}},"loc":{"start":{"line":107,"column":20},"end":{"line":115,"column":5}},"line":107},"10":{"name":"(anonymous_10)","decl":{"start":{"line":117,"column":14},"end":{"line":117,"column":15}},"loc":{"start":{"line":117,"column":20},"end":{"line":123,"column":5}},"line":117},"11":{"name":"(anonymous_11)","decl":{"start":{"line":119,"column":82},"end":{"line":119,"column":83}},"loc":{"start":{"line":119,"column":94},"end":{"line":122,"column":13}},"line":119},"12":{"name":"(anonymous_12)","decl":{"start":{"line":125,"column":34},"end":{"line":125,"column":35}},"loc":{"start":{"line":125,"column":45},"end":{"line":127,"column":5}},"line":125},"13":{"name":"(anonymous_13)","decl":{"start":{"line":129,"column":34},"end":{"line":129,"column":35}},"loc":{"start":{"line":129,"column":45},"end":{"line":131,"column":5}},"line":129},"14":{"name":"(anonymous_14)","decl":{"start":{"line":133,"column":33},"end":{"line":133,"column":34}},"loc":{"start":{"line":133,"column":39},"end":{"line":147,"column":5}},"line":133},"15":{"name":"(anonymous_15)","decl":{"start":{"line":136,"column":35},"end":{"line":136,"column":36}},"loc":{"start":{"line":137,"column":20},"end":{"line":142,"column":31}},"line":137},"16":{"name":"(anonymous_16)","decl":{"start":{"line":149,"column":27},"end":{"line":149,"column":28}},"loc":{"start":{"line":149,"column":33},"end":{"line":151,"column":5}},"line":149},"17":{"name":"(anonymous_17)","decl":{"start":{"line":153,"column":31},"end":{"line":153,"column":32}},"loc":{"start":{"line":153,"column":37},"end":{"line":155,"column":5}},"line":153},"18":{"name":"(anonymous_18)","decl":{"start":{"line":157,"column":32},"end":{"line":157,"column":33}},"loc":{"start":{"line":157,"column":38},"end":{"line":159,"column":5}},"line":157},"19":{"name":"(anonymous_19)","decl":{"start":{"line":161,"column":25},"end":{"line":161,"column":26}},"loc":{"start":{"line":161,"column":47},"end":{"line":166,"column":5}},"line":161},"20":{"name":"(anonymous_20)","decl":{"start":{"line":168,"column":21},"end":{"line":168,"column":22}},"loc":{"start":{"line":168,"column":55},"end":{"line":177,"column":5}},"line":168},"21":{"name":"(anonymous_21)","decl":{"start":{"line":176,"column":71},"end":{"line":176,"column":72}},"loc":{"start":{"line":176,"column":76},"end":{"line":176,"column":90}},"line":176},"22":{"name":"(anonymous_22)","decl":{"start":{"line":179,"column":24},"end":{"line":179,"column":25}},"loc":{"start":{"line":179,"column":43},"end":{"line":185,"column":5}},"line":179},"23":{"name":"(anonymous_23)","decl":{"start":{"line":184,"column":71},"end":{"line":184,"column":72}},"loc":{"start":{"line":184,"column":76},"end":{"line":184,"column":90}},"line":184},"24":{"name":"(anonymous_24)","decl":{"start":{"line":187,"column":34},"end":{"line":187,"column":35}},"loc":{"start":{"line":187,"column":45},"end":{"line":189,"column":5}},"line":187},"25":{"name":"(anonymous_25)","decl":{"start":{"line":191,"column":28},"end":{"line":191,"column":29}},"loc":{"start":{"line":191,"column":34},"end":{"line":206,"column":5}},"line":191},"26":{"name":"(anonymous_26)","decl":{"start":{"line":208,"column":29},"end":{"line":208,"column":30}},"loc":{"start":{"line":208,"column":35},"end":{"line":210,"column":5}},"line":208},"27":{"name":"(anonymous_27)","decl":{"start":{"line":212,"column":30},"end":{"line":212,"column":31}},"loc":{"start":{"line":212,"column":36},"end":{"line":214,"column":5}},"line":212},"28":{"name":"(anonymous_28)","decl":{"start":{"line":216,"column":39},"end":{"line":216,"column":40}},"loc":{"start":{"line":216,"column":45},"end":{"line":221,"column":5}},"line":216},"29":{"name":"(anonymous_29)","decl":{"start":{"line":248,"column":76},"end":{"line":248,"column":77}},"loc":{"start":{"line":249,"column":36},"end":{"line":249,"column":82}},"line":249},"30":{"name":"(anonymous_30)","decl":{"start":{"line":266,"column":76},"end":{"line":266,"column":77}},"loc":{"start":{"line":267,"column":36},"end":{"line":267,"column":82}},"line":267},"31":{"name":"(anonymous_31)","decl":{"start":{"line":297,"column":78},"end":{"line":297,"column":79}},"loc":{"start":{"line":298,"column":40},"end":{"line":298,"column":86}},"line":298}},"branchMap":{"0":{"loc":{"start":{"line":65,"column":8},"end":{"line":69,"column":9}},"type":"if","locations":[{"start":{"line":65,"column":8},"end":{"line":69,"column":9}},{"start":{},"end":{}}],"line":65},"1":{"loc":{"start":{"line":65,"column":11},"end":{"line":65,"column":58}},"type":"binary-expr","locations":[{"start":{"line":65,"column":11},"end":{"line":65,"column":19}},{"start":{"line":65,"column":23},"end":{"line":65,"column":32}},{"start":{"line":65,"column":36},"end":{"line":65,"column":45}},{"start":{"line":65,"column":49},"end":{"line":65,"column":58}}],"line":65},"2":{"loc":{"start":{"line":74,"column":8},"end":{"line":75,"column":41}},"type":"if","locations":[{"start":{"line":74,"column":8},"end":{"line":75,"column":41}},{"start":{},"end":{}}],"line":74},"3":{"loc":{"start":{"line":79,"column":8},"end":{"line":89,"column":9}},"type":"if","locations":[{"start":{"line":79,"column":8},"end":{"line":89,"column":9}},{"start":{},"end":{}}],"line":79},"4":{"loc":{"start":{"line":94,"column":8},"end":{"line":103,"column":9}},"type":"if","locations":[{"start":{"line":94,"column":8},"end":{"line":103,"column":9}},{"start":{},"end":{}}],"line":94},"5":{"loc":{"start":{"line":94,"column":11},"end":{"line":94,"column":69}},"type":"binary-expr","locations":[{"start":{"line":94,"column":11},"end":{"line":94,"column":29}},{"start":{"line":94,"column":33},"end":{"line":94,"column":49}},{"start":{"line":94,"column":53},"end":{"line":94,"column":69}}],"line":94},"6":{"loc":{"start":{"line":109,"column":8},"end":{"line":113,"column":9}},"type":"if","locations":[{"start":{"line":109,"column":8},"end":{"line":113,"column":9}},{"start":{},"end":{}}],"line":109},"7":{"loc":{"start":{"line":118,"column":8},"end":{"line":122,"column":14}},"type":"if","locations":[{"start":{"line":118,"column":8},"end":{"line":122,"column":14}},{"start":{},"end":{}}],"line":118},"8":{"loc":{"start":{"line":120,"column":16},"end":{"line":121,"column":39}},"type":"if","locations":[{"start":{"line":120,"column":16},"end":{"line":121,"column":39}},{"start":{},"end":{}}],"line":120},"9":{"loc":{"start":{"line":134,"column":8},"end":{"line":145,"column":9}},"type":"if","locations":[{"start":{"line":134,"column":8},"end":{"line":145,"column":9}},{"start":{},"end":{}}],"line":134},"10":{"loc":{"start":{"line":162,"column":25},"end":{"line":162,"column":56}},"type":"cond-expr","locations":[{"start":{"line":162,"column":50},"end":{"line":162,"column":52}},{"start":{"line":162,"column":55},"end":{"line":162,"column":56}}],"line":162},"11":{"loc":{"start":{"line":217,"column":8},"end":{"line":218,"column":26}},"type":"if","locations":[{"start":{"line":217,"column":8},"end":{"line":218,"column":26}},{"start":{},"end":{}}],"line":217},"12":{"loc":{"start":{"line":248,"column":32},"end":{"line":250,"column":34}},"type":"binary-expr","locations":[{"start":{"line":248,"column":32},"end":{"line":248,"column":50}},{"start":{"line":248,"column":54},"end":{"line":250,"column":34}}],"line":248},"13":{"loc":{"start":{"line":266,"column":32},"end":{"line":268,"column":34}},"type":"binary-expr","locations":[{"start":{"line":266,"column":32},"end":{"line":266,"column":50}},{"start":{"line":266,"column":54},"end":{"line":268,"column":34}}],"line":266},"14":{"loc":{"start":{"line":297,"column":36},"end":{"line":299,"column":38}},"type":"binary-expr","locations":[{"start":{"line":297,"column":36},"end":{"line":297,"column":54}},{"start":{"line":297,"column":58},"end":{"line":299,"column":38}}],"line":297},"15":{"loc":{"start":{"line":322,"column":38},"end":{"line":322,"column":85}},"type":"binary-expr","locations":[{"start":{"line":322,"column":38},"end":{"line":322,"column":65}},{"start":{"line":322,"column":69},"end":{"line":322,"column":85}}],"line":322},"16":{"loc":{"start":{"line":358,"column":25},"end":{"line":358,"column":65}},"type":"cond-expr","locations":[{"start":{"line":358,"column":37},"end":{"line":358,"column":61}},{"start":{"line":358,"column":64},"end":{"line":358,"column":65}}],"line":358}},"s":{"0":0,"1":0,"2":0,"3":0,"4":0,"5":0,"6":0,"7":0,"8":0,"9":0,"10":0,"11":0,"12":0,"13":0,"14":0,"15":0,"16":0,"17":0,"18":0,"19":0,"20":0,"21":0,"22":0,"23":0,"24":0,"25":0,"26":0,"27":0,"28":0,"29":0,"30":0,"31":0,"32":0,"33":0,"34":0,"35":0,"36":0,"37":0,"38":0,"39":0,"40":0,"41":0,"42":0,"43":0,"44":0,"45":0,"46":0,"47":0,"48":0,"49":0,"50":0,"51":0,"52":0,"53":0,"54":0,"55":0,"56":0,"57":0,"58":0,"59":0,"60":0,"61":0,"62":0,"63":0,"64":0,"65":0,"66":0,"67":0,"68":0,"69":0,"70":0,"71":0,"72":0,"73":0,"74":0,"75":0,"76":0,"77":0,"78":0,"79":0,"80":0,"81":0,"82":0,"83":0,"84":0,"85":0,"86":0,"87":0,"88":0,"89":0,"90":0,"91":0,"92":0,"93":0,"94":0,"95":0,"96":0,"97":0,"98":0,"99":0,"100":0,"101":0,"102":0,"103":0,"104":0,"105":0,"106":0,"107":0,"108":0,"109":0,"110":0},"f":{"0":0,"1":0,"2":0,"3":0,"4":0,"5":0,"6":0,"7":0,"8":0,"9":0,"10":0,"11":0,"12":0,"13":0,"14":0,"15":0,"16":0,"17":0,"18":0,"19":0,"20":0,"21":0,"22":0,"23":0,"24":0,"25":0,"26":0,"27":0,"28":0,"29":0,"30":0,"31":0},"b":{"0":[0,0],"1":[0,0,0,0],"2":[0,0],"3":[0,0],"4":[0,0],"5":[0,0,0],"6":[0,0],"7":[0,0],"8":[0,0],"9":[0,0],"10":[0,0],"11":[0,0],"12":[0,0],"13":[0,0],"14":[0,0],"15":[0,0],"16":[0,0]}}
,"/home/carlos/Documentos/PUC/ProjetoFinalProgramacao/src/pages/mainWindow/index.js": {"path":"/home/carlos/Documentos/PUC/ProjetoFinalProgramacao/src/pages/mainWindow/index.js","statementMap":{"0":{"start":{"line":8,"column":26},"end":{"line":16,"column":1}},"1":{"start":{"line":18,"column":25},"end":{"line":21,"column":1}},"2":{"start":{"line":24,"column":38},"end":{"line":24,"column":50}},"3":{"start":{"line":25,"column":40},"end":{"line":25,"column":55}},"4":{"start":{"line":26,"column":36},"end":{"line":26,"column":48}},"5":{"start":{"line":28,"column":26},"end":{"line":32,"column":5}},"6":{"start":{"line":29,"column":8},"end":{"line":31,"column":10}},"7":{"start":{"line":30,"column":12},"end":{"line":30,"column":35}},"8":{"start":{"line":34,"column":4},"end":{"line":36,"column":10}},"9":{"start":{"line":35,"column":8},"end":{"line":35,"column":23}},"10":{"start":{"line":38,"column":25},"end":{"line":51,"column":5}},"11":{"start":{"line":39,"column":29},"end":{"line":43,"column":9}},"12":{"start":{"line":44,"column":8},"end":{"line":50,"column":15}},"13":{"start":{"line":46,"column":16},"end":{"line":49,"column":17}},"14":{"start":{"line":47,"column":20},"end":{"line":47,"column":53}},"15":{"start":{"line":48,"column":20},"end":{"line":48,"column":39}},"16":{"start":{"line":53,"column":32},"end":{"line":56,"column":5}},"17":{"start":{"line":54,"column":8},"end":{"line":54,"column":29}},"18":{"start":{"line":55,"column":8},"end":{"line":55,"column":23}},"19":{"start":{"line":58,"column":33},"end":{"line":65,"column":5}},"20":{"start":{"line":59,"column":8},"end":{"line":64,"column":10}},"21":{"start":{"line":60,"column":12},"end":{"line":61,"column":31}},"22":{"start":{"line":61,"column":16},"end":{"line":61,"column":31}},"23":{"start":{"line":63,"column":12},"end":{"line":63,"column":31}},"24":{"start":{"line":67,"column":4},"end":{"line":98,"column":5}},"25":{"start":{"line":75,"column":24},"end":{"line":79,"column":26}}},"fnMap":{"0":{"name":"MainWindow","decl":{"start":{"line":23,"column":16},"end":{"line":23,"column":26}},"loc":{"start":{"line":23,"column":29},"end":{"line":99,"column":1}},"line":23},"1":{"name":"(anonymous_1)","decl":{"start":{"line":28,"column":26},"end":{"line":28,"column":27}},"loc":{"start":{"line":28,"column":32},"end":{"line":32,"column":5}},"line":28},"2":{"name":"(anonymous_2)","decl":{"start":{"line":29,"column":45},"end":{"line":29,"column":46}},"loc":{"start":{"line":29,"column":58},"end":{"line":31,"column":9}},"line":29},"3":{"name":"(anonymous_3)","decl":{"start":{"line":34,"column":14},"end":{"line":34,"column":15}},"loc":{"start":{"line":34,"column":20},"end":{"line":36,"column":5}},"line":34},"4":{"name":"(anonymous_4)","decl":{"start":{"line":38,"column":25},"end":{"line":38,"column":26}},"loc":{"start":{"line":38,"column":37},"end":{"line":51,"column":5}},"line":38},"5":{"name":"(anonymous_5)","decl":{"start":{"line":45,"column":18},"end":{"line":45,"column":19}},"loc":{"start":{"line":45,"column":28},"end":{"line":50,"column":13}},"line":45},"6":{"name":"(anonymous_6)","decl":{"start":{"line":53,"column":32},"end":{"line":53,"column":33}},"loc":{"start":{"line":53,"column":38},"end":{"line":56,"column":5}},"line":53},"7":{"name":"(anonymous_7)","decl":{"start":{"line":58,"column":33},"end":{"line":58,"column":34}},"loc":{"start":{"line":58,"column":51},"end":{"line":65,"column":5}},"line":58},"8":{"name":"(anonymous_8)","decl":{"start":{"line":59,"column":58},"end":{"line":59,"column":59}},"loc":{"start":{"line":59,"column":70},"end":{"line":64,"column":9}},"line":59},"9":{"name":"(anonymous_9)","decl":{"start":{"line":74,"column":35},"end":{"line":74,"column":36}},"loc":{"start":{"line":75,"column":24},"end":{"line":79,"column":26}},"line":75}},"branchMap":{"0":{"loc":{"start":{"line":46,"column":16},"end":{"line":49,"column":17}},"type":"if","locations":[{"start":{"line":46,"column":16},"end":{"line":49,"column":17}},{"start":{},"end":{}}],"line":46},"1":{"loc":{"start":{"line":60,"column":12},"end":{"line":61,"column":31}},"type":"if","locations":[{"start":{"line":60,"column":12},"end":{"line":61,"column":31}},{"start":{},"end":{}}],"line":60}},"s":{"0":1,"1":1,"2":7,"3":7,"4":7,"5":7,"6":3,"7":3,"8":7,"9":3,"10":7,"11":1,"12":1,"13":1,"14":1,"15":1,"16":7,"17":0,"18":0,"19":7,"20":0,"21":0,"22":0,"23":0,"24":7,"25":1},"f":{"0":7,"1":3,"2":3,"3":3,"4":1,"5":1,"6":0,"7":0,"8":0,"9":1},"b":{"0":[1,0],"1":[0,0]},"_coverageSchema":"1a1c01bbd47fc00a2c39e90264f33305004495a9","hash":"739728f5fe1aedf4af888b50f25b0d43c9404869"}
,"/home/carlos/Documentos/PUC/ProjetoFinalProgramacao/src/routes/routes.js": {"path":"/home/carlos/Documentos/PUC/ProjetoFinalProgramacao/src/routes/routes.js","statementMap":{"0":{"start":{"line":7,"column":4},"end":{"line":31,"column":6}}},"fnMap":{"0":{"name":"RoutesIndex","decl":{"start":{"line":6,"column":9},"end":{"line":6,"column":20}},"loc":{"start":{"line":6,"column":23},"end":{"line":32,"column":1}},"line":6}},"branchMap":{},"s":{"0":0},"f":{"0":0},"b":{}}
,"/home/carlos/Documentos/PUC/ProjetoFinalProgramacao/src/utils/dtypes.js": {"path":"/home/carlos/Documentos/PUC/ProjetoFinalProgramacao/src/utils/dtypes.js","statementMap":{"0":{"start":{"line":2,"column":22},"end":{"line":7,"column":1}}},"fnMap":{},"branchMap":{},"s":{"0":0},"f":{},"b":{}}
}
