TN:
SF:src/App.js
FN:4,App
FNF:1
FNH:0
FNDA:0,App
DA:5,0
LF:1
LH:0
BRF:0
BRH:0
end_of_record
TN:
SF:src/Preload.js
FN:4,(anonymous_0)
FN:5,(anonymous_1)
FN:6,(anonymous_2)
FN:7,(anonymous_3)
FN:8,(anonymous_4)
FN:9,(anonymous_5)
FN:10,(anonymous_6)
FN:11,(anonymous_7)
FNF:8
FNH:0
FNDA:0,(anonymous_0)
FNDA:0,(anonymous_1)
FNDA:0,(anonymous_2)
FNDA:0,(anonymous_3)
FNDA:0,(anonymous_4)
FNDA:0,(anonymous_5)
FNDA:0,(anonymous_6)
FNDA:0,(anonymous_7)
DA:1,0
DA:3,0
DA:4,0
DA:5,0
DA:6,0
DA:7,0
DA:8,0
DA:9,0
DA:10,0
DA:11,0
LF:10
LH:0
BRF:0
BRH:0
end_of_record
TN:
SF:src/electron-starter.js
FN:20,createWindow
FN:44,(anonymous_1)
FN:58,(anonymous_2)
FN:66,(anonymous_3)
FN:78,(anonymous_4)
FN:79,(anonymous_5)
FN:84,(anonymous_6)
FN:88,(anonymous_7)
FN:99,(anonymous_8)
FN:106,(anonymous_9)
FN:117,(anonymous_10)
FN:128,(anonymous_11)
FN:138,(anonymous_12)
FNF:13
FNH:0
FNDA:0,createWindow
FNDA:0,(anonymous_1)
FNDA:0,(anonymous_2)
FNDA:0,(anonymous_3)
FNDA:0,(anonymous_4)
FNDA:0,(anonymous_5)
FNDA:0,(anonymous_6)
FNDA:0,(anonymous_7)
FNDA:0,(anonymous_8)
FNDA:0,(anonymous_9)
FNDA:0,(anonymous_10)
FNDA:0,(anonymous_11)
FNDA:0,(anonymous_12)
DA:1,0
DA:2,0
DA:3,0
DA:6,0
DA:8,0
DA:10,0
DA:11,0
DA:13,0
DA:14,0
DA:22,0
DA:34,0
DA:39,0
DA:41,0
DA:44,0
DA:48,0
DA:55,0
DA:58,0
DA:61,0
DA:62,0
DA:66,0
DA:69,0
DA:70,0
DA:78,0
DA:79,0
DA:80,0
DA:81,0
DA:84,0
DA:85,0
DA:88,0
DA:89,0
DA:90,0
DA:91,0
DA:93,0
DA:94,0
DA:96,0
DA:99,0
DA:100,0
DA:101,0
DA:102,0
DA:103,0
DA:106,0
DA:107,0
DA:108,0
DA:109,0
DA:111,0
DA:112,0
DA:114,0
DA:117,0
DA:118,0
DA:119,0
DA:120,0
DA:122,0
DA:123,0
DA:125,0
DA:128,0
DA:129,0
DA:130,0
DA:131,0
DA:132,0
DA:134,0
DA:138,0
DA:139,0
DA:140,0
DA:141,0
DA:142,0
DA:144,0
DA:145,0
DA:147,0
LF:68
LH:0
BRDA:34,0,0,0
BRDA:34,0,1,0
BRDA:61,1,0,0
BRDA:61,1,1,0
BRDA:69,2,0,0
BRDA:69,2,1,0
BRDA:100,3,0,0
BRDA:100,3,1,0
BRF:8
BRH:0
end_of_record
TN:
SF:src/electron-wait-react.js
FN:9,(anonymous_0)
FN:9,(anonymous_1)
FN:16,(anonymous_2)
FN:25,(anonymous_3)
FNF:4
FNH:0
FNDA:0,(anonymous_0)
FNDA:0,(anonymous_1)
FNDA:0,(anonymous_2)
FNDA:0,(anonymous_3)
DA:1,0
DA:2,0
DA:4,0
DA:6,0
DA:8,0
DA:9,0
DA:10,0
DA:11,0
DA:12,0
DA:13,0
DA:14,0
DA:15,0
DA:16,0
DA:17,0
DA:23,0
DA:25,0
DA:26,0
LF:17
LH:0
BRDA:2,0,0,0
BRDA:2,0,1,0
BRDA:11,1,0,0
BRDA:11,1,1,0
BRF:4
BRH:0
end_of_record
TN:
SF:src/index.js
FNF:0
FNH:0
DA:7,0
DA:8,0
DA:17,0
LF:3
LH:0
BRF:0
BRH:0
end_of_record
TN:
SF:src/reportWebVitals.js
FN:1,(anonymous_0)
FN:3,(anonymous_1)
FNF:2
FNH:0
FNDA:0,(anonymous_0)
FNDA:0,(anonymous_1)
DA:1,0
DA:2,0
DA:3,0
DA:4,0
DA:5,0
DA:6,0
DA:7,0
DA:8,0
LF:8
LH:0
BRDA:2,0,0,0
BRDA:2,0,1,0
BRDA:2,1,0,0
BRDA:2,1,1,0
BRF:4
BRH:0
end_of_record
TN:
SF:src/components/AnnotationClass/index.js
FN:20,AnnotionClass
FN:28,(anonymous_1)
FN:35,(anonymous_2)
FN:45,(anonymous_3)
FN:52,(anonymous_4)
FN:63,(anonymous_5)
FN:67,(anonymous_6)
FN:98,(anonymous_7)
FN:122,(anonymous_8)
FN:136,(anonymous_9)
FNF:10
FNH:0
FNDA:0,AnnotionClass
FNDA:0,(anonymous_1)
FNDA:0,(anonymous_2)
FNDA:0,(anonymous_3)
FNDA:0,(anonymous_4)
FNDA:0,(anonymous_5)
FNDA:0,(anonymous_6)
FNDA:0,(anonymous_7)
FNDA:0,(anonymous_8)
FNDA:0,(anonymous_9)
DA:14,0
DA:21,0
DA:22,0
DA:23,0
DA:24,0
DA:26,0
DA:28,0
DA:29,0
DA:30,0
DA:31,0
DA:32,0
DA:35,0
DA:36,0
DA:37,0
DA:38,0
DA:40,0
DA:41,0
DA:42,0
DA:45,0
DA:46,0
DA:47,0
DA:48,0
DA:52,0
DA:53,0
DA:54,0
DA:55,0
DA:56,0
DA:57,0
DA:58,0
DA:60,0
DA:63,0
DA:64,0
DA:67,0
DA:68,0
DA:69,0
DA:70,0
DA:73,0
DA:99,0
DA:122,0
DA:137,0
LF:40
LH:0
BRDA:36,0,0,0
BRDA:36,0,1,0
BRDA:47,1,0,0
BRDA:47,1,1,0
BRDA:53,2,0,0
BRDA:53,2,1,0
BRDA:143,3,0,0
BRDA:143,3,1,0
BRF:8
BRH:0
end_of_record
TN:
SF:src/components/AnnotationExport/index.js
FN:19,AnnotationExport
FN:22,(anonymous_1)
FN:36,(anonymous_2)
FN:39,(anonymous_3)
FN:47,(anonymous_4)
FN:71,(anonymous_5)
FN:78,(anonymous_6)
FN:87,(anonymous_7)
FN:89,(anonymous_8)
FNF:9
FNH:0
FNDA:0,AnnotationExport
FNDA:0,(anonymous_1)
FNDA:0,(anonymous_2)
FNDA:0,(anonymous_3)
FNDA:0,(anonymous_4)
FNDA:0,(anonymous_5)
FNDA:0,(anonymous_6)
FNDA:0,(anonymous_7)
FNDA:0,(anonymous_8)
DA:13,0
DA:20,0
DA:22,0
DA:23,0
DA:24,0
DA:28,0
DA:30,0
DA:31,0
DA:32,0
DA:35,0
DA:37,0
DA:38,0
DA:40,0
DA:41,0
DA:42,0
DA:47,0
DA:48,0
DA:49,0
DA:50,0
DA:53,0
DA:72,0
DA:78,0
DA:88,0
DA:90,0
LF:24
LH:0
BRDA:31,0,0,0
BRDA:31,0,1,0
BRDA:37,1,0,0
BRDA:37,1,1,0
BRDA:41,2,0,0
BRDA:41,2,1,0
BRDA:67,3,0,0
BRDA:67,3,1,0
BRF:8
BRH:0
end_of_record
TN:
SF:src/components/DatabaseItem/index.js
FN:27,DatabaseItem
FN:30,(anonymous_1)
FN:41,(anonymous_2)
FNF:3
FNH:1
FNDA:1,DatabaseItem
FNDA:0,(anonymous_1)
FNDA:0,(anonymous_2)
DA:12,1
DA:28,1
DA:30,1
DA:31,0
DA:32,0
DA:35,1
DA:41,0
LF:7
LH:4
BRF:0
BRH:0
end_of_record
TN:
SF:src/components/MultiValueTextField/index.js
FN:9,(anonymous_0)
FN:34,MultiValueTextField
FN:39,(anonymous_2)
FN:43,(anonymous_3)
FN:45,(anonymous_4)
FN:50,(anonymous_5)
FN:54,(anonymous_6)
FN:63,(anonymous_7)
FN:64,(anonymous_8)
FNF:9
FNH:0
FNDA:0,(anonymous_0)
FNDA:0,MultiValueTextField
FNDA:0,(anonymous_2)
FNDA:0,(anonymous_3)
FNDA:0,(anonymous_4)
FNDA:0,(anonymous_5)
FNDA:0,(anonymous_6)
FNDA:0,(anonymous_7)
FNDA:0,(anonymous_8)
DA:9,0
DA:35,0
DA:36,0
DA:37,0
DA:39,0
DA:40,0
DA:43,0
DA:44,0
DA:45,0
DA:46,0
DA:50,0
DA:51,0
DA:54,0
DA:55,0
DA:56,0
DA:57,0
DA:60,0
DA:64,0
LF:18
LH:0
BRDA:44,0,0,0
BRDA:44,0,1,0
BRF:2
BRH:0
end_of_record
TN:
SF:src/components/UploadDatabase/index.js
FN:29,UploadDatabase
FN:34,(anonymous_1)
FN:40,(anonymous_2)
FN:42,(anonymous_3)
FN:44,(anonymous_4)
FN:52,(anonymous_5)
FN:61,(anonymous_6)
FN:69,(anonymous_7)
FN:75,(anonymous_8)
FN:78,(anonymous_9)
FN:85,(anonymous_10)
FN:89,(anonymous_11)
FN:93,(anonymous_12)
FN:96,(anonymous_13)
FN:105,(anonymous_14)
FN:115,(anonymous_15)
FN:132,(anonymous_16)
FN:158,(anonymous_17)
FN:176,(anonymous_18)
FNF:19
FNH:0
FNDA:0,UploadDatabase
FNDA:0,(anonymous_1)
FNDA:0,(anonymous_2)
FNDA:0,(anonymous_3)
FNDA:0,(anonymous_4)
FNDA:0,(anonymous_5)
FNDA:0,(anonymous_6)
FNDA:0,(anonymous_7)
FNDA:0,(anonymous_8)
FNDA:0,(anonymous_9)
FNDA:0,(anonymous_10)
FNDA:0,(anonymous_11)
FNDA:0,(anonymous_12)
FNDA:0,(anonymous_13)
FNDA:0,(anonymous_14)
FNDA:0,(anonymous_15)
FNDA:0,(anonymous_16)
FNDA:0,(anonymous_17)
FNDA:0,(anonymous_18)
DA:15,0
DA:19,0
DA:23,0
DA:30,0
DA:31,0
DA:32,0
DA:34,0
DA:35,0
DA:36,0
DA:37,0
DA:40,0
DA:41,0
DA:42,0
DA:43,0
DA:44,0
DA:45,0
DA:52,0
DA:53,0
DA:54,0
DA:61,0
DA:62,0
DA:63,0
DA:65,0
DA:69,0
DA:70,0
DA:75,0
DA:79,0
DA:85,0
DA:86,0
DA:89,0
DA:90,0
DA:93,0
DA:94,0
DA:95,0
DA:96,0
DA:97,0
DA:98,0
DA:99,0
DA:101,0
DA:105,0
DA:106,0
DA:107,0
DA:110,0
DA:133,0
DA:159,0
DA:177,0
LF:46
LH:0
BRDA:41,0,0,0
BRDA:41,0,1,0
BRDA:53,1,0,0
BRDA:53,1,1,0
BRDA:53,2,0,0
BRDA:53,2,1,0
BRDA:53,2,2,0
BRDA:97,3,0,0
BRDA:97,3,1,0
BRDA:132,4,0,0
BRDA:132,4,1,0
BRDA:158,5,0,0
BRDA:158,5,1,0
BRDA:176,6,0,0
BRDA:176,6,1,0
BRF:15
BRH:0
end_of_record
TN:
SF:src/components/VariableItem/index.js
FN:4,VariableItem
FNF:1
FNH:0
FNDA:0,VariableItem
DA:6,0
LF:1
LH:0
BRF:0
BRH:0
end_of_record
TN:
SF:src/pages/DatabaseAnnotation/index.js
FN:47,DatabaseAnnotation
FN:64,(anonymous_1)
FN:66,(anonymous_2)
FN:72,(anonymous_3)
FN:78,(anonymous_4)
FN:80,(anonymous_5)
FN:82,(anonymous_6)
FN:86,(anonymous_7)
FN:93,(anonymous_8)
FN:107,(anonymous_9)
FN:117,(anonymous_10)
FN:119,(anonymous_11)
FN:125,(anonymous_12)
FN:129,(anonymous_13)
FN:133,(anonymous_14)
FN:136,(anonymous_15)
FN:149,(anonymous_16)
FN:153,(anonymous_17)
FN:157,(anonymous_18)
FN:161,(anonymous_19)
FN:168,(anonymous_20)
FN:176,(anonymous_21)
FN:179,(anonymous_22)
FN:184,(anonymous_23)
FN:187,(anonymous_24)
FN:191,(anonymous_25)
FN:208,(anonymous_26)
FN:212,(anonymous_27)
FN:216,(anonymous_28)
FN:248,(anonymous_29)
FN:266,(anonymous_30)
FN:297,(anonymous_31)
FNF:32
FNH:0
FNDA:0,DatabaseAnnotation
FNDA:0,(anonymous_1)
FNDA:0,(anonymous_2)
FNDA:0,(anonymous_3)
FNDA:0,(anonymous_4)
FNDA:0,(anonymous_5)
FNDA:0,(anonymous_6)
FNDA:0,(anonymous_7)
FNDA:0,(anonymous_8)
FNDA:0,(anonymous_9)
FNDA:0,(anonymous_10)
FNDA:0,(anonymous_11)
FNDA:0,(anonymous_12)
FNDA:0,(anonymous_13)
FNDA:0,(anonymous_14)
FNDA:0,(anonymous_15)
FNDA:0,(anonymous_16)
FNDA:0,(anonymous_17)
FNDA:0,(anonymous_18)
FNDA:0,(anonymous_19)
FNDA:0,(anonymous_20)
FNDA:0,(anonymous_21)
FNDA:0,(anonymous_22)
FNDA:0,(anonymous_23)
FNDA:0,(anonymous_24)
FNDA:0,(anonymous_25)
FNDA:0,(anonymous_26)
FNDA:0,(anonymous_27)
FNDA:0,(anonymous_28)
FNDA:0,(anonymous_29)
FNDA:0,(anonymous_30)
FNDA:0,(anonymous_31)
DA:16,0
DA:20,0
DA:26,0
DA:31,0
DA:38,0
DA:42,0
DA:48,0
DA:50,0
DA:51,0
DA:52,0
DA:53,0
DA:55,0
DA:56,0
DA:57,0
DA:59,0
DA:60,0
DA:61,0
DA:62,0
DA:64,0
DA:65,0
DA:66,0
DA:67,0
DA:72,0
DA:73,0
DA:74,0
DA:75,0
DA:78,0
DA:79,0
DA:80,0
DA:81,0
DA:82,0
DA:83,0
DA:86,0
DA:87,0
DA:93,0
DA:94,0
DA:95,0
DA:102,0
DA:107,0
DA:108,0
DA:109,0
DA:110,0
DA:111,0
DA:112,0
DA:114,0
DA:117,0
DA:118,0
DA:119,0
DA:120,0
DA:121,0
DA:125,0
DA:126,0
DA:129,0
DA:130,0
DA:133,0
DA:134,0
DA:135,0
DA:137,0
DA:149,0
DA:150,0
DA:153,0
DA:154,0
DA:157,0
DA:158,0
DA:161,0
DA:162,0
DA:163,0
DA:164,0
DA:165,0
DA:168,0
DA:169,0
DA:170,0
DA:174,0
DA:175,0
DA:176,0
DA:179,0
DA:180,0
DA:181,0
DA:182,0
DA:183,0
DA:184,0
DA:187,0
DA:188,0
DA:191,0
DA:192,0
DA:193,0
DA:194,0
DA:195,0
DA:196,0
DA:197,0
DA:198,0
DA:199,0
DA:201,0
DA:202,0
DA:203,0
DA:204,0
DA:205,0
DA:208,0
DA:209,0
DA:212,0
DA:213,0
DA:216,0
DA:217,0
DA:218,0
DA:220,0
DA:223,0
DA:249,0
DA:267,0
DA:298,0
LF:109
LH:0
BRDA:65,0,0,0
BRDA:65,0,1,0
BRDA:65,1,0,0
BRDA:65,1,1,0
BRDA:65,1,2,0
BRDA:65,1,3,0
BRDA:74,2,0,0
BRDA:74,2,1,0
BRDA:79,3,0,0
BRDA:79,3,1,0
BRDA:94,4,0,0
BRDA:94,4,1,0
BRDA:94,5,0,0
BRDA:94,5,1,0
BRDA:94,5,2,0
BRDA:109,6,0,0
BRDA:109,6,1,0
BRDA:118,7,0,0
BRDA:118,7,1,0
BRDA:120,8,0,0
BRDA:120,8,1,0
BRDA:134,9,0,0
BRDA:134,9,1,0
BRDA:162,10,0,0
BRDA:162,10,1,0
BRDA:217,11,0,0
BRDA:217,11,1,0
BRDA:248,12,0,0
BRDA:248,12,1,0
BRDA:266,13,0,0
BRDA:266,13,1,0
BRDA:297,14,0,0
BRDA:297,14,1,0
BRDA:322,15,0,0
BRDA:322,15,1,0
BRDA:358,16,0,0
BRDA:358,16,1,0
BRF:37
BRH:0
end_of_record
TN:
SF:src/pages/mainWindow/index.js
FN:23,MainWindow
FN:28,(anonymous_1)
FN:29,(anonymous_2)
FN:34,(anonymous_3)
FN:38,(anonymous_4)
FN:45,(anonymous_5)
FN:53,(anonymous_6)
FN:58,(anonymous_7)
FN:59,(anonymous_8)
FN:74,(anonymous_9)
FNF:10
FNH:7
FNDA:7,MainWindow
FNDA:3,(anonymous_1)
FNDA:3,(anonymous_2)
FNDA:3,(anonymous_3)
FNDA:1,(anonymous_4)
FNDA:1,(anonymous_5)
FNDA:0,(anonymous_6)
FNDA:0,(anonymous_7)
FNDA:0,(anonymous_8)
FNDA:1,(anonymous_9)
DA:8,1
DA:18,1
DA:24,7
DA:25,7
DA:26,7
DA:28,7
DA:29,3
DA:30,3
DA:34,7
DA:35,3
DA:38,7
DA:39,1
DA:44,1
DA:46,1
DA:47,1
DA:48,1
DA:53,7
DA:54,0
DA:55,0
DA:58,7
DA:59,0
DA:60,0
DA:61,0
DA:63,0
DA:67,7
DA:75,1
LF:26
LH:20
BRDA:46,0,0,1
BRDA:46,0,1,0
BRDA:60,1,0,0
BRDA:60,1,1,0
BRF:4
BRH:1
end_of_record
TN:
SF:src/routes/routes.js
FN:6,RoutesIndex
FNF:1
FNH:0
FNDA:0,RoutesIndex
DA:7,0
LF:1
LH:0
BRF:0
BRH:0
end_of_record
TN:
SF:src/utils/dtypes.js
FNF:0
FNH:0
DA:2,0
LF:1
LH:0
BRF:0
BRH:0
end_of_record
